ANTMINER-D7-release-202110201043/minerfs.no_header.image_extract/bin/busybox
ANTMINER-D7-release-202110201043/minerfs.no_header.image_extract/usr/bin/godminer
ANTMINER-D7-release-202110201043/minerfs.no_header.image_extract/usr/bin/monitor-ipsig
ANTMINER-D7-release-202110201043/minerfs.no_header.image_extract/usr/bin/monitor-recobtn
ANTMINER-D7-release-202110201043/minerfs.no_header.image_extract/usr/bin/ntpdate
ANTMINER-D7-release-202110201043/minerfs.no_header.image_extract/usr/lib/libcrypto.so.1.1
ANTMINER-D7-release-202110201043/minerfs.no_header.image_extract/usr/sbin/lighttpd
ANTMINER-D7-release-202110201043/minerfs.no_header.image_extract/usr/sbin/ntpd
ANTMINER-D7-release-202110201043/update.no_header.image_extract/bin/busybox
ANTMINER-D7-release-202110201043/update.no_header.image_extract/usr/lib/libcrypto.so.1.1
Antminer-D9-release-202303281413/minerfs.no_header.image_extract/bin/busybox
Antminer-D9-release-202303281413/minerfs.no_header.image_extract/usr/bin/cgminer-api
Antminer-D9-release-202303281413/minerfs.no_header.image_extract/usr/bin/godminer
Antminer-D9-release-202303281413/minerfs.no_header.image_extract/usr/bin/monitor-ipsig
Antminer-D9-release-202303281413/minerfs.no_header.image_extract/usr/bin/monitor-recobtn
Antminer-D9-release-202303281413/minerfs.no_header.image_extract/usr/bin/ntpdate
Antminer-D9-release-202303281413/minerfs.no_header.image_extract/usr/lib/libcrypto.so.1.1
Antminer-D9-release-202303281413/minerfs.no_header.image_extract/usr/sbin/lighttpd
Antminer-D9-release-202303281413/minerfs.no_header.image_extract/usr/sbin/ntpd
Antminer-D9-release-202303281413/update.no_header.image_extract/bin/busybox
Antminer-D9-release-202303281413/update.no_header.image_extract/usr/lib/libcrypto.so.1.1
Antminer-D9-release-202309251638/minerfs.no_header.image_extract/bin/busybox
Antminer-D9-release-202309251638/minerfs.no_header.image_extract/usr/bin/godminer
Antminer-D9-release-202309251638/minerfs.no_header.image_extract/usr/bin/monitor-ipsig
Antminer-D9-release-202309251638/minerfs.no_header.image_extract/usr/bin/monitor-recobtn
Antminer-D9-release-202309251638/minerfs.no_header.image_extract/usr/bin/ntpdate
Antminer-D9-release-202309251638/minerfs.no_header.image_extract/usr/lib/libcrypto.so.1.1
Antminer-D9-release-202309251638/minerfs.no_header.image_extract/usr/sbin/lighttpd
Antminer-D9-release-202309251638/minerfs.no_header.image_extract/usr/sbin/ntpd
Antminer-D9-release-202309251638/update.no_header.image_extract/bin/busybox
Antminer-D9-release-202309251638/update.no_header.image_extract/usr/lib/libcrypto.so.1.1
Antminer-D9-release-202405280927/minerfs.no_header.image_extract/bin/busybox
Antminer-D9-release-202405280927/minerfs.no_header.image_extract/lib/modules/bitmain_axi.ko
Antminer-D9-release-202405280927/minerfs.no_header.image_extract/lib/modules/fpga_mem_driver.ko
Antminer-D9-release-202405280927/minerfs.no_header.image_extract/sbin/halt
Antminer-D9-release-202405280927/minerfs.no_header.image_extract/sbin/id2mac
Antminer-D9-release-202405280927/minerfs.no_header.image_extract/sbin/init
Antminer-D9-release-202405280927/minerfs.no_header.image_extract/sbin/killall5
Antminer-D9-release-202405280927/minerfs.no_header.image_extract/sbin/shutdown
Antminer-D9-release-202405280927/minerfs.no_header.image_extract/usr/bin/FileParser
Antminer-D9-release-202405280927/minerfs.no_header.image_extract/usr/bin/cgminer-api
Antminer-D9-release-202405280927/minerfs.no_header.image_extract/usr/bin/cvtsudoers
Antminer-D9-release-202405280927/minerfs.no_header.image_extract/usr/bin/godminer
Antminer-D9-release-202405280927/minerfs.no_header.image_extract/usr/bin/jq
Antminer-D9-release-202405280927/minerfs.no_header.image_extract/usr/bin/kmod
Antminer-D9-release-202405280927/minerfs.no_header.image_extract/usr/bin/monitor-ipsig
Antminer-D9-release-202405280927/minerfs.no_header.image_extract/usr/bin/monitor-recobtn
Antminer-D9-release-202405280927/minerfs.no_header.image_extract/usr/bin/netcat
Antminer-D9-release-202405280927/minerfs.no_header.image_extract/usr/bin/ntpdate
Antminer-D9-release-202405280927/minerfs.no_header.image_extract/usr/bin/openssl
Antminer-D9-release-202405280927/minerfs.no_header.image_extract/usr/bin/pcregrep
Antminer-D9-release-202405280927/minerfs.no_header.image_extract/usr/bin/pcretest
Antminer-D9-release-202405280927/minerfs.no_header.image_extract/usr/bin/sudo
Antminer-D9-release-202405280927/minerfs.no_header.image_extract/usr/bin/sudoreplay
Antminer-D9-release-202405280927/minerfs.no_header.image_extract/usr/bin/xmlwf
Antminer-D9-release-202405280927/minerfs.no_header.image_extract/usr/lib/libavahi-common.so.3.5.3
Antminer-D9-release-202405280927/minerfs.no_header.image_extract/usr/lib/libavahi-core.so.7.0.2
Antminer-D9-release-202405280927/minerfs.no_header.image_extract/usr/lib/libcrypto.so.1.1
Antminer-D9-release-202405280927/minerfs.no_header.image_extract/usr/lib/libdaemon.so.0.5.0
Antminer-D9-release-202405280927/minerfs.no_header.image_extract/usr/lib/libevent-2.1.so.6.0.2
Antminer-D9-release-202405280927/minerfs.no_header.image_extract/usr/lib/libevent_core-2.1.so.6.0.2
Antminer-D9-release-202405280927/minerfs.no_header.image_extract/usr/lib/libevent_extra-2.1.so.6.0.2
Antminer-D9-release-202405280927/minerfs.no_header.image_extract/usr/lib/libevent_openssl-2.1.so.6.0.2
Antminer-D9-release-202405280927/minerfs.no_header.image_extract/usr/lib/libevent_pthreads-2.1.so.6.0.2
Antminer-D9-release-202405280927/minerfs.no_header.image_extract/usr/lib/libexpat.so.1.6.10
Antminer-D9-release-202405280927/minerfs.no_header.image_extract/usr/lib/libip4tc.so.2.0.0
Antminer-D9-release-202405280927/minerfs.no_header.image_extract/usr/lib/libip6tc.so.2.0.0
Antminer-D9-release-202405280927/minerfs.no_header.image_extract/usr/lib/libiptc.so.0.0.0
Antminer-D9-release-202405280927/minerfs.no_header.image_extract/usr/lib/libkmod.so.2.3.3
Antminer-D9-release-202405280927/minerfs.no_header.image_extract/usr/lib/libpcre.so.1.2.10
Antminer-D9-release-202405280927/minerfs.no_header.image_extract/usr/lib/libpcrecpp.so.0.0.1
Antminer-D9-release-202405280927/minerfs.no_header.image_extract/usr/lib/libpcreposix.so.0.0.6
Antminer-D9-release-202405280927/minerfs.no_header.image_extract/usr/lib/libssl.so.1.1
Antminer-D9-release-202405280927/minerfs.no_header.image_extract/usr/lib/libxtables.so.12.2.0
Antminer-D9-release-202405280927/minerfs.no_header.image_extract/usr/lib/libz.so.1.2.11
Antminer-D9-release-202405280927/minerfs.no_header.image_extract/usr/lib/libzlog.so.1.2
Antminer-D9-release-202405280927/minerfs.no_header.image_extract/usr/lib/lighttpd/mod_access.so
Antminer-D9-release-202405280927/minerfs.no_header.image_extract/usr/lib/lighttpd/mod_accesslog.so
Antminer-D9-release-202405280927/minerfs.no_header.image_extract/usr/lib/lighttpd/mod_alias.so
Antminer-D9-release-202405280927/minerfs.no_header.image_extract/usr/lib/lighttpd/mod_auth.so
Antminer-D9-release-202405280927/minerfs.no_header.image_extract/usr/lib/lighttpd/mod_cgi.so
Antminer-D9-release-202405280927/minerfs.no_header.image_extract/usr/lib/lighttpd/mod_cml.so
Antminer-D9-release-202405280927/minerfs.no_header.image_extract/usr/lib/lighttpd/mod_compress.so
Antminer-D9-release-202405280927/minerfs.no_header.image_extract/usr/lib/lighttpd/mod_dirlisting.so
Antminer-D9-release-202405280927/minerfs.no_header.image_extract/usr/lib/lighttpd/mod_evasive.so
Antminer-D9-release-202405280927/minerfs.no_header.image_extract/usr/lib/lighttpd/mod_evhost.so
Antminer-D9-release-202405280927/minerfs.no_header.image_extract/usr/lib/lighttpd/mod_expire.so
Antminer-D9-release-202405280927/minerfs.no_header.image_extract/usr/lib/lighttpd/mod_extforward.so
Antminer-D9-release-202405280927/minerfs.no_header.image_extract/usr/lib/lighttpd/mod_fastcgi.so
Antminer-D9-release-202405280927/minerfs.no_header.image_extract/usr/lib/lighttpd/mod_flv_streaming.so
Antminer-D9-release-202405280927/minerfs.no_header.image_extract/usr/lib/lighttpd/mod_indexfile.so
Antminer-D9-release-202405280927/minerfs.no_header.image_extract/usr/lib/lighttpd/mod_magnet.so
Antminer-D9-release-202405280927/minerfs.no_header.image_extract/usr/lib/lighttpd/mod_mysql_vhost.so
Antminer-D9-release-202405280927/minerfs.no_header.image_extract/usr/lib/lighttpd/mod_proxy.so
Antminer-D9-release-202405280927/minerfs.no_header.image_extract/usr/lib/lighttpd/mod_redirect.so
Antminer-D9-release-202405280927/minerfs.no_header.image_extract/usr/lib/lighttpd/mod_rewrite.so
Antminer-D9-release-202405280927/minerfs.no_header.image_extract/usr/lib/lighttpd/mod_rrdtool.so
Antminer-D9-release-202405280927/minerfs.no_header.image_extract/usr/lib/lighttpd/mod_scgi.so
Antminer-D9-release-202405280927/minerfs.no_header.image_extract/usr/lib/lighttpd/mod_secdownload.so
Antminer-D9-release-202405280927/minerfs.no_header.image_extract/usr/lib/lighttpd/mod_setenv.so
Antminer-D9-release-202405280927/minerfs.no_header.image_extract/usr/lib/lighttpd/mod_simple_vhost.so
Antminer-D9-release-202405280927/minerfs.no_header.image_extract/usr/lib/lighttpd/mod_ssi.so
Antminer-D9-release-202405280927/minerfs.no_header.image_extract/usr/lib/lighttpd/mod_staticfile.so
Antminer-D9-release-202405280927/minerfs.no_header.image_extract/usr/lib/lighttpd/mod_status.so
Antminer-D9-release-202405280927/minerfs.no_header.image_extract/usr/lib/lighttpd/mod_trigger_b4_dl.so
Antminer-D9-release-202405280927/minerfs.no_header.image_extract/usr/lib/lighttpd/mod_userdir.so
Antminer-D9-release-202405280927/minerfs.no_header.image_extract/usr/lib/lighttpd/mod_usertrack.so
Antminer-D9-release-202405280927/minerfs.no_header.image_extract/usr/lib/lighttpd/mod_webdav.so
Antminer-D9-release-202405280927/minerfs.no_header.image_extract/usr/lib/xtables/libip6t_DNAT.so
Antminer-D9-release-202405280927/minerfs.no_header.image_extract/usr/lib/xtables/libip6t_DNPT.so
Antminer-D9-release-202405280927/minerfs.no_header.image_extract/usr/lib/xtables/libip6t_HL.so
Antminer-D9-release-202405280927/minerfs.no_header.image_extract/usr/lib/xtables/libip6t_LOG.so
Antminer-D9-release-202405280927/minerfs.no_header.image_extract/usr/lib/xtables/libip6t_MASQUERADE.so
Antminer-D9-release-202405280927/minerfs.no_header.image_extract/usr/lib/xtables/libip6t_NETMAP.so
Antminer-D9-release-202405280927/minerfs.no_header.image_extract/usr/lib/xtables/libip6t_REDIRECT.so
Antminer-D9-release-202405280927/minerfs.no_header.image_extract/usr/lib/xtables/libip6t_REJECT.so
Antminer-D9-release-202405280927/minerfs.no_header.image_extract/usr/lib/xtables/libip6t_SNAT.so
Antminer-D9-release-202405280927/minerfs.no_header.image_extract/usr/lib/xtables/libip6t_SNPT.so
Antminer-D9-release-202405280927/minerfs.no_header.image_extract/usr/lib/xtables/libip6t_ah.so
Antminer-D9-release-202405280927/minerfs.no_header.image_extract/usr/lib/xtables/libip6t_dst.so
Antminer-D9-release-202405280927/minerfs.no_header.image_extract/usr/lib/xtables/libip6t_eui64.so
Antminer-D9-release-202405280927/minerfs.no_header.image_extract/usr/lib/xtables/libip6t_frag.so
Antminer-D9-release-202405280927/minerfs.no_header.image_extract/usr/lib/xtables/libip6t_hbh.so
Antminer-D9-release-202405280927/minerfs.no_header.image_extract/usr/lib/xtables/libip6t_hl.so
Antminer-D9-release-202405280927/minerfs.no_header.image_extract/usr/lib/xtables/libip6t_icmp6.so
Antminer-D9-release-202405280927/minerfs.no_header.image_extract/usr/lib/xtables/libip6t_ipv6header.so
Antminer-D9-release-202405280927/minerfs.no_header.image_extract/usr/lib/xtables/libip6t_mh.so
Antminer-D9-release-202405280927/minerfs.no_header.image_extract/usr/lib/xtables/libip6t_rt.so
Antminer-D9-release-202405280927/minerfs.no_header.image_extract/usr/lib/xtables/libip6t_srh.so
Antminer-D9-release-202405280927/minerfs.no_header.image_extract/usr/lib/xtables/libipt_CLUSTERIP.so
Antminer-D9-release-202405280927/minerfs.no_header.image_extract/usr/lib/xtables/libipt_DNAT.so
Antminer-D9-release-202405280927/minerfs.no_header.image_extract/usr/lib/xtables/libipt_ECN.so
Antminer-D9-release-202405280927/minerfs.no_header.image_extract/usr/lib/xtables/libipt_LOG.so
Antminer-D9-release-202405280927/minerfs.no_header.image_extract/usr/lib/xtables/libipt_MASQUERADE.so
Antminer-D9-release-202405280927/minerfs.no_header.image_extract/usr/lib/xtables/libipt_NETMAP.so
Antminer-D9-release-202405280927/minerfs.no_header.image_extract/usr/lib/xtables/libipt_REDIRECT.so
Antminer-D9-release-202405280927/minerfs.no_header.image_extract/usr/lib/xtables/libipt_REJECT.so
Antminer-D9-release-202405280927/minerfs.no_header.image_extract/usr/lib/xtables/libipt_SNAT.so
Antminer-D9-release-202405280927/minerfs.no_header.image_extract/usr/lib/xtables/libipt_TTL.so
Antminer-D9-release-202405280927/minerfs.no_header.image_extract/usr/lib/xtables/libipt_ULOG.so
Antminer-D9-release-202405280927/minerfs.no_header.image_extract/usr/lib/xtables/libipt_ah.so
Antminer-D9-release-202405280927/minerfs.no_header.image_extract/usr/lib/xtables/libipt_icmp.so
Antminer-D9-release-202405280927/minerfs.no_header.image_extract/usr/lib/xtables/libipt_realm.so
Antminer-D9-release-202405280927/minerfs.no_header.image_extract/usr/lib/xtables/libipt_ttl.so
Antminer-D9-release-202405280927/minerfs.no_header.image_extract/usr/lib/xtables/libxt_AUDIT.so
Antminer-D9-release-202405280927/minerfs.no_header.image_extract/usr/lib/xtables/libxt_CHECKSUM.so
Antminer-D9-release-202405280927/minerfs.no_header.image_extract/usr/lib/xtables/libxt_CLASSIFY.so
Antminer-D9-release-202405280927/minerfs.no_header.image_extract/usr/lib/xtables/libxt_CONNMARK.so
Antminer-D9-release-202405280927/minerfs.no_header.image_extract/usr/lib/xtables/libxt_CONNSECMARK.so
Antminer-D9-release-202405280927/minerfs.no_header.image_extract/usr/lib/xtables/libxt_CT.so
Antminer-D9-release-202405280927/minerfs.no_header.image_extract/usr/lib/xtables/libxt_DSCP.so
Antminer-D9-release-202405280927/minerfs.no_header.image_extract/usr/lib/xtables/libxt_HMARK.so
Antminer-D9-release-202405280927/minerfs.no_header.image_extract/usr/lib/xtables/libxt_IDLETIMER.so
Antminer-D9-release-202405280927/minerfs.no_header.image_extract/usr/lib/xtables/libxt_LED.so
Antminer-D9-release-202405280927/minerfs.no_header.image_extract/usr/lib/xtables/libxt_MARK.so
Antminer-D9-release-202405280927/minerfs.no_header.image_extract/usr/lib/xtables/libxt_NFLOG.so
Antminer-D9-release-202405280927/minerfs.no_header.image_extract/usr/lib/xtables/libxt_NFQUEUE.so
Antminer-D9-release-202405280927/minerfs.no_header.image_extract/usr/lib/xtables/libxt_RATEEST.so
Antminer-D9-release-202405280927/minerfs.no_header.image_extract/usr/lib/xtables/libxt_SECMARK.so
Antminer-D9-release-202405280927/minerfs.no_header.image_extract/usr/lib/xtables/libxt_SET.so
Antminer-D9-release-202405280927/minerfs.no_header.image_extract/usr/lib/xtables/libxt_SYNPROXY.so
Antminer-D9-release-202405280927/minerfs.no_header.image_extract/usr/lib/xtables/libxt_TCPMSS.so
Antminer-D9-release-202405280927/minerfs.no_header.image_extract/usr/lib/xtables/libxt_TCPOPTSTRIP.so
Antminer-D9-release-202405280927/minerfs.no_header.image_extract/usr/lib/xtables/libxt_TEE.so
Antminer-D9-release-202405280927/minerfs.no_header.image_extract/usr/lib/xtables/libxt_TOS.so
Antminer-D9-release-202405280927/minerfs.no_header.image_extract/usr/lib/xtables/libxt_TPROXY.so
Antminer-D9-release-202405280927/minerfs.no_header.image_extract/usr/lib/xtables/libxt_TRACE.so
Antminer-D9-release-202405280927/minerfs.no_header.image_extract/usr/lib/xtables/libxt_addrtype.so
Antminer-D9-release-202405280927/minerfs.no_header.image_extract/usr/lib/xtables/libxt_bpf.so
Antminer-D9-release-202405280927/minerfs.no_header.image_extract/usr/lib/xtables/libxt_cgroup.so
Antminer-D9-release-202405280927/minerfs.no_header.image_extract/usr/lib/xtables/libxt_cluster.so
Antminer-D9-release-202405280927/minerfs.no_header.image_extract/usr/lib/xtables/libxt_comment.so
Antminer-D9-release-202405280927/minerfs.no_header.image_extract/usr/lib/xtables/libxt_connbytes.so
Antminer-D9-release-202405280927/minerfs.no_header.image_extract/usr/lib/xtables/libxt_connlimit.so
Antminer-D9-release-202405280927/minerfs.no_header.image_extract/usr/lib/xtables/libxt_connmark.so
Antminer-D9-release-202405280927/minerfs.no_header.image_extract/usr/lib/xtables/libxt_conntrack.so
Antminer-D9-release-202405280927/minerfs.no_header.image_extract/usr/lib/xtables/libxt_cpu.so
Antminer-D9-release-202405280927/minerfs.no_header.image_extract/usr/lib/xtables/libxt_dccp.so
Antminer-D9-release-202405280927/minerfs.no_header.image_extract/usr/lib/xtables/libxt_devgroup.so
Antminer-D9-release-202405280927/minerfs.no_header.image_extract/usr/lib/xtables/libxt_dscp.so
Antminer-D9-release-202405280927/minerfs.no_header.image_extract/usr/lib/xtables/libxt_ecn.so
Antminer-D9-release-202405280927/minerfs.no_header.image_extract/usr/lib/xtables/libxt_esp.so
Antminer-D9-release-202405280927/minerfs.no_header.image_extract/usr/lib/xtables/libxt_hashlimit.so
Antminer-D9-release-202405280927/minerfs.no_header.image_extract/usr/lib/xtables/libxt_helper.so
Antminer-D9-release-202405280927/minerfs.no_header.image_extract/usr/lib/xtables/libxt_ipcomp.so
Antminer-D9-release-202405280927/minerfs.no_header.image_extract/usr/lib/xtables/libxt_iprange.so
Antminer-D9-release-202405280927/minerfs.no_header.image_extract/usr/lib/xtables/libxt_ipvs.so
Antminer-D9-release-202405280927/minerfs.no_header.image_extract/usr/lib/xtables/libxt_length.so
Antminer-D9-release-202405280927/minerfs.no_header.image_extract/usr/lib/xtables/libxt_limit.so
Antminer-D9-release-202405280927/minerfs.no_header.image_extract/usr/lib/xtables/libxt_mac.so
Antminer-D9-release-202405280927/minerfs.no_header.image_extract/usr/lib/xtables/libxt_mark.so
Antminer-D9-release-202405280927/minerfs.no_header.image_extract/usr/lib/xtables/libxt_multiport.so
Antminer-D9-release-202405280927/minerfs.no_header.image_extract/usr/lib/xtables/libxt_nfacct.so
Antminer-D9-release-202405280927/minerfs.no_header.image_extract/usr/lib/xtables/libxt_osf.so
Antminer-D9-release-202405280927/minerfs.no_header.image_extract/usr/lib/xtables/libxt_owner.so
Antminer-D9-release-202405280927/minerfs.no_header.image_extract/usr/lib/xtables/libxt_physdev.so
Antminer-D9-release-202405280927/minerfs.no_header.image_extract/usr/lib/xtables/libxt_pkttype.so
Antminer-D9-release-202405280927/minerfs.no_header.image_extract/usr/lib/xtables/libxt_policy.so
Antminer-D9-release-202405280927/minerfs.no_header.image_extract/usr/lib/xtables/libxt_quota.so
Antminer-D9-release-202405280927/minerfs.no_header.image_extract/usr/lib/xtables/libxt_rateest.so
Antminer-D9-release-202405280927/minerfs.no_header.image_extract/usr/lib/xtables/libxt_recent.so
Antminer-D9-release-202405280927/minerfs.no_header.image_extract/usr/lib/xtables/libxt_rpfilter.so
Antminer-D9-release-202405280927/minerfs.no_header.image_extract/usr/lib/xtables/libxt_sctp.so
Antminer-D9-release-202405280927/minerfs.no_header.image_extract/usr/lib/xtables/libxt_set.so
Antminer-D9-release-202405280927/minerfs.no_header.image_extract/usr/lib/xtables/libxt_socket.so
Antminer-D9-release-202405280927/minerfs.no_header.image_extract/usr/lib/xtables/libxt_standard.so
Antminer-D9-release-202405280927/minerfs.no_header.image_extract/usr/lib/xtables/libxt_statistic.so
Antminer-D9-release-202405280927/minerfs.no_header.image_extract/usr/lib/xtables/libxt_string.so
Antminer-D9-release-202405280927/minerfs.no_header.image_extract/usr/lib/xtables/libxt_tcp.so
Antminer-D9-release-202405280927/minerfs.no_header.image_extract/usr/lib/xtables/libxt_tcpmss.so
Antminer-D9-release-202405280927/minerfs.no_header.image_extract/usr/lib/xtables/libxt_time.so
Antminer-D9-release-202405280927/minerfs.no_header.image_extract/usr/lib/xtables/libxt_tos.so
Antminer-D9-release-202405280927/minerfs.no_header.image_extract/usr/lib/xtables/libxt_u32.so
Antminer-D9-release-202405280927/minerfs.no_header.image_extract/usr/lib/xtables/libxt_udp.so
Antminer-D9-release-202405280927/minerfs.no_header.image_extract/usr/libexec/sudo/group_file.so
Antminer-D9-release-202405280927/minerfs.no_header.image_extract/usr/libexec/sudo/libsudo_util.so.0.0.0
Antminer-D9-release-202405280927/minerfs.no_header.image_extract/usr/libexec/sudo/sudo_noexec.so
Antminer-D9-release-202405280927/minerfs.no_header.image_extract/usr/libexec/sudo/sudoers.so
Antminer-D9-release-202405280927/minerfs.no_header.image_extract/usr/libexec/sudo/system_group.so
Antminer-D9-release-202405280927/minerfs.no_header.image_extract/usr/sbin/antlogin
Antminer-D9-release-202405280927/minerfs.no_header.image_extract/usr/sbin/avahi-autoipd
Antminer-D9-release-202405280927/minerfs.no_header.image_extract/usr/sbin/avahi-daemon
Antminer-D9-release-202405280927/minerfs.no_header.image_extract/usr/sbin/avahi-dnsconfd
Antminer-D9-release-202405280927/minerfs.no_header.image_extract/usr/sbin/dropbear
Antminer-D9-release-202405280927/minerfs.no_header.image_extract/usr/sbin/flash_erase
Antminer-D9-release-202405280927/minerfs.no_header.image_extract/usr/sbin/lighttpd
Antminer-D9-release-202405280927/minerfs.no_header.image_extract/usr/sbin/lighttpd-angel
Antminer-D9-release-202405280927/minerfs.no_header.image_extract/usr/sbin/ntpd
Antminer-D9-release-202405280927/minerfs.no_header.image_extract/usr/sbin/ubiattach
Antminer-D9-release-202405280927/minerfs.no_header.image_extract/usr/sbin/ubiformat
Antminer-D9-release-202405280927/minerfs.no_header.image_extract/usr/sbin/ubimkvol
Antminer-D9-release-202405280927/minerfs.no_header.image_extract/usr/sbin/update-daemon
Antminer-D9-release-202405280927/minerfs.no_header.image_extract/usr/sbin/visudo
Antminer-D9-release-202405280927/minerfs.no_header.image_extract/usr/sbin/xtables-legacy-multi
Antminer-D9-release-202405280927/update.no_header.image_extract/bin/busybox
Antminer-D9-release-202405280927/update.no_header.image_extract/lib/debug/libstdc++.so.6.0.24
Antminer-D9-release-202405280927/update.no_header.image_extract/lib/ld-2.25.so
Antminer-D9-release-202405280927/update.no_header.image_extract/lib/libanl-2.25.so
Antminer-D9-release-202405280927/update.no_header.image_extract/lib/libatomic.so.1.2.0
Antminer-D9-release-202405280927/update.no_header.image_extract/lib/libc-2.25.so
Antminer-D9-release-202405280927/update.no_header.image_extract/lib/libcrypt-2.25.so
Antminer-D9-release-202405280927/update.no_header.image_extract/lib/libdl-2.25.so
Antminer-D9-release-202405280927/update.no_header.image_extract/lib/libgcc_s.so.1
Antminer-D9-release-202405280927/update.no_header.image_extract/lib/libm-2.25.so
Antminer-D9-release-202405280927/update.no_header.image_extract/lib/libnsl-2.25.so
Antminer-D9-release-202405280927/update.no_header.image_extract/lib/libnss_dns-2.25.so
Antminer-D9-release-202405280927/update.no_header.image_extract/lib/libnss_files-2.25.so
Antminer-D9-release-202405280927/update.no_header.image_extract/lib/libpthread-2.25.so
Antminer-D9-release-202405280927/update.no_header.image_extract/lib/libresolv-2.25.so
Antminer-D9-release-202405280927/update.no_header.image_extract/lib/librt-2.25.so
Antminer-D9-release-202405280927/update.no_header.image_extract/lib/libstdc++.so.6.0.24
Antminer-D9-release-202405280927/update.no_header.image_extract/lib/libutil-2.25.so
Antminer-D9-release-202405280927/update.no_header.image_extract/sbin/halt
Antminer-D9-release-202405280927/update.no_header.image_extract/sbin/init
Antminer-D9-release-202405280927/update.no_header.image_extract/sbin/killall5
Antminer-D9-release-202405280927/update.no_header.image_extract/sbin/shutdown
Antminer-D9-release-202405280927/update.no_header.image_extract/usr/bin/FileParser
Antminer-D9-release-202405280927/update.no_header.image_extract/usr/bin/netcat
Antminer-D9-release-202405280927/update.no_header.image_extract/usr/bin/openssl
Antminer-D9-release-202405280927/update.no_header.image_extract/usr/bin/xmlwf
Antminer-D9-release-202405280927/update.no_header.image_extract/usr/lib/libaio.so.1.0.1
Antminer-D9-release-202405280927/update.no_header.image_extract/usr/lib/libcrypto.so.1.1
Antminer-D9-release-202405280927/update.no_header.image_extract/usr/lib/libdaemon.so.0.5.0
Antminer-D9-release-202405280927/update.no_header.image_extract/usr/lib/libevent-2.1.so.6.0.2
Antminer-D9-release-202405280927/update.no_header.image_extract/usr/lib/libevent_core-2.1.so.6.0.2
Antminer-D9-release-202405280927/update.no_header.image_extract/usr/lib/libevent_extra-2.1.so.6.0.2
Antminer-D9-release-202405280927/update.no_header.image_extract/usr/lib/libevent_openssl-2.1.so.6.0.2
Antminer-D9-release-202405280927/update.no_header.image_extract/usr/lib/libevent_pthreads-2.1.so.6.0.2
Antminer-D9-release-202405280927/update.no_header.image_extract/usr/lib/libexpat.so.1.6.10
Antminer-D9-release-202405280927/update.no_header.image_extract/usr/lib/libssl.so.1.1
Antminer-D9-release-202405280927/update.no_header.image_extract/usr/lib/libz.so.1.2.11
Antminer-D9-release-202405280927/update.no_header.image_extract/usr/sbin/flash_erase
Antminer-D9-release-202405280927/update.no_header.image_extract/usr/sbin/mtdinfo
Antminer-D9-release-202405280927/update.no_header.image_extract/usr/sbin/nanddump
Antminer-D9-release-202405280927/update.no_header.image_extract/usr/sbin/nandwrite
Antminer-D9-release-202405280927/update.no_header.image_extract/usr/sbin/ubiattach
Antminer-D9-release-202405280927/update.no_header.image_extract/usr/sbin/ubidetach
Antminer-D9-release-202405280927/update.no_header.image_extract/usr/sbin/ubiformat
Antminer-D9-release-202405280927/update.no_header.image_extract/usr/sbin/ubimkvol
Antminer-D9-release-202405280927/update.no_header.image_extract/usr/sbin/ubinfo
Antminer-D9-release-202405280927/update.no_header.image_extract/usr/sbin/ubirmvol
D7_test_fixture/single_board_test
D7_test_fixture/submit_result
D7_test_fixture/uramdisk.no_header.image_extract/bin/busybox
D7_test_fixture/uramdisk.no_header.image_extract/lib/libthread_db-1.0.so
D7_test_fixture/uramdisk.no_header.image_extract/lib/modules/bitmain_axi.ko
D7_test_fixture/uramdisk.no_header.image_extract/lib/modules/fpga_mem_driver.ko
D7_test_fixture/uramdisk.no_header.image_extract/lib/modules/lcd12864I_driver.ko
D7_test_fixture/uramdisk.no_header.image_extract/sbin/devmem2
D7_test_fixture/uramdisk.no_header.image_extract/sbin/halt
D7_test_fixture/uramdisk.no_header.image_extract/sbin/id2mac
D7_test_fixture/uramdisk.no_header.image_extract/sbin/init
D7_test_fixture/uramdisk.no_header.image_extract/sbin/killall5
D7_test_fixture/uramdisk.no_header.image_extract/sbin/shutdown
D7_test_fixture/uramdisk.no_header.image_extract/usr/bin/bmminer
D7_test_fixture/uramdisk.no_header.image_extract/usr/bin/cgminer
D7_test_fixture/uramdisk.no_header.image_extract/usr/bin/cgminer-api
D7_test_fixture/uramdisk.no_header.image_extract/usr/bin/cvtsudoers
D7_test_fixture/uramdisk.no_header.image_extract/usr/bin/gdb
D7_test_fixture/uramdisk.no_header.image_extract/usr/bin/gdbserver
D7_test_fixture/uramdisk.no_header.image_extract/usr/bin/htop
D7_test_fixture/uramdisk.no_header.image_extract/usr/bin/jq
D7_test_fixture/uramdisk.no_header.image_extract/usr/bin/kmod
D7_test_fixture/uramdisk.no_header.image_extract/usr/bin/monitor-ipsig
D7_test_fixture/uramdisk.no_header.image_extract/usr/bin/monitor-recobtn
D7_test_fixture/uramdisk.no_header.image_extract/usr/bin/ntpdate
D7_test_fixture/uramdisk.no_header.image_extract/usr/bin/openssl
D7_test_fixture/uramdisk.no_header.image_extract/usr/bin/sudo
D7_test_fixture/uramdisk.no_header.image_extract/usr/bin/sudoreplay
D7_test_fixture/uramdisk.no_header.image_extract/usr/bin/xmlwf
D7_test_fixture/uramdisk.no_header.image_extract/usr/lib/libaio.so.1.0.1
D7_test_fixture/uramdisk.no_header.image_extract/usr/lib/libavahi-common.so.3.5.3
D7_test_fixture/uramdisk.no_header.image_extract/usr/lib/libavahi-core.so.7.0.2
D7_test_fixture/uramdisk.no_header.image_extract/usr/lib/libcrypto.so.1.1
D7_test_fixture/uramdisk.no_header.image_extract/usr/lib/libdaemon.so.0.5.0
D7_test_fixture/uramdisk.no_header.image_extract/usr/lib/libevent-2.1.so.6.0.2
D7_test_fixture/uramdisk.no_header.image_extract/usr/lib/libevent_core-2.1.so.6.0.2
D7_test_fixture/uramdisk.no_header.image_extract/usr/lib/libevent_extra-2.1.so.6.0.2
D7_test_fixture/uramdisk.no_header.image_extract/usr/lib/libevent_openssl-2.1.so.6.0.2
D7_test_fixture/uramdisk.no_header.image_extract/usr/lib/libevent_pthreads-2.1.so.6.0.2
D7_test_fixture/uramdisk.no_header.image_extract/usr/lib/libexpat.so.1.6.10
D7_test_fixture/uramdisk.no_header.image_extract/usr/lib/libform.so.6.1
D7_test_fixture/uramdisk.no_header.image_extract/usr/lib/libi2c.so.0.1.1
D7_test_fixture/uramdisk.no_header.image_extract/usr/lib/libip4tc.so.2.0.0
D7_test_fixture/uramdisk.no_header.image_extract/usr/lib/libip6tc.so.2.0.0
D7_test_fixture/uramdisk.no_header.image_extract/usr/lib/libiptc.so.0.0.0
D7_test_fixture/uramdisk.no_header.image_extract/usr/lib/libjq.so.1.0.4
D7_test_fixture/uramdisk.no_header.image_extract/usr/lib/libkmod.so.2.3.3
D7_test_fixture/uramdisk.no_header.image_extract/usr/lib/libmenu.so.6.1
D7_test_fixture/uramdisk.no_header.image_extract/usr/lib/libncurses.so.6.1
D7_test_fixture/uramdisk.no_header.image_extract/usr/lib/libpanel.so.6.1
D7_test_fixture/uramdisk.no_header.image_extract/usr/lib/libssl.so.1.1
D7_test_fixture/uramdisk.no_header.image_extract/usr/lib/libxtables.so.12.2.0
D7_test_fixture/uramdisk.no_header.image_extract/usr/lib/libz.so.1.2.11
D7_test_fixture/uramdisk.no_header.image_extract/usr/lib/lighttpd/mod_access.so
D7_test_fixture/uramdisk.no_header.image_extract/usr/lib/lighttpd/mod_accesslog.so
D7_test_fixture/uramdisk.no_header.image_extract/usr/lib/lighttpd/mod_alias.so
D7_test_fixture/uramdisk.no_header.image_extract/usr/lib/lighttpd/mod_auth.so
D7_test_fixture/uramdisk.no_header.image_extract/usr/lib/lighttpd/mod_cgi.so
D7_test_fixture/uramdisk.no_header.image_extract/usr/lib/lighttpd/mod_cml.so
D7_test_fixture/uramdisk.no_header.image_extract/usr/lib/lighttpd/mod_compress.so
D7_test_fixture/uramdisk.no_header.image_extract/usr/lib/lighttpd/mod_dirlisting.so
D7_test_fixture/uramdisk.no_header.image_extract/usr/lib/lighttpd/mod_evasive.so
D7_test_fixture/uramdisk.no_header.image_extract/usr/lib/lighttpd/mod_evhost.so
D7_test_fixture/uramdisk.no_header.image_extract/usr/lib/lighttpd/mod_expire.so
D7_test_fixture/uramdisk.no_header.image_extract/usr/lib/lighttpd/mod_extforward.so
D7_test_fixture/uramdisk.no_header.image_extract/usr/lib/lighttpd/mod_fastcgi.so
D7_test_fixture/uramdisk.no_header.image_extract/usr/lib/lighttpd/mod_flv_streaming.so
D7_test_fixture/uramdisk.no_header.image_extract/usr/lib/lighttpd/mod_indexfile.so
D7_test_fixture/uramdisk.no_header.image_extract/usr/lib/lighttpd/mod_magnet.so
D7_test_fixture/uramdisk.no_header.image_extract/usr/lib/lighttpd/mod_mysql_vhost.so
D7_test_fixture/uramdisk.no_header.image_extract/usr/lib/lighttpd/mod_proxy.so
D7_test_fixture/uramdisk.no_header.image_extract/usr/lib/lighttpd/mod_redirect.so
D7_test_fixture/uramdisk.no_header.image_extract/usr/lib/lighttpd/mod_rewrite.so
D7_test_fixture/uramdisk.no_header.image_extract/usr/lib/lighttpd/mod_rrdtool.so
D7_test_fixture/uramdisk.no_header.image_extract/usr/lib/lighttpd/mod_scgi.so
D7_test_fixture/uramdisk.no_header.image_extract/usr/lib/lighttpd/mod_secdownload.so
D7_test_fixture/uramdisk.no_header.image_extract/usr/lib/lighttpd/mod_setenv.so
D7_test_fixture/uramdisk.no_header.image_extract/usr/lib/lighttpd/mod_simple_vhost.so
D7_test_fixture/uramdisk.no_header.image_extract/usr/lib/lighttpd/mod_ssi.so
D7_test_fixture/uramdisk.no_header.image_extract/usr/lib/lighttpd/mod_staticfile.so
D7_test_fixture/uramdisk.no_header.image_extract/usr/lib/lighttpd/mod_status.so
D7_test_fixture/uramdisk.no_header.image_extract/usr/lib/lighttpd/mod_trigger_b4_dl.so
D7_test_fixture/uramdisk.no_header.image_extract/usr/lib/lighttpd/mod_userdir.so
D7_test_fixture/uramdisk.no_header.image_extract/usr/lib/lighttpd/mod_usertrack.so
D7_test_fixture/uramdisk.no_header.image_extract/usr/lib/lighttpd/mod_webdav.so
D7_test_fixture/uramdisk.no_header.image_extract/usr/lib/xtables/libip6t_DNAT.so
D7_test_fixture/uramdisk.no_header.image_extract/usr/lib/xtables/libip6t_DNPT.so
D7_test_fixture/uramdisk.no_header.image_extract/usr/lib/xtables/libip6t_HL.so
D7_test_fixture/uramdisk.no_header.image_extract/usr/lib/xtables/libip6t_LOG.so
D7_test_fixture/uramdisk.no_header.image_extract/usr/lib/xtables/libip6t_MASQUERADE.so
D7_test_fixture/uramdisk.no_header.image_extract/usr/lib/xtables/libip6t_NETMAP.so
D7_test_fixture/uramdisk.no_header.image_extract/usr/lib/xtables/libip6t_REDIRECT.so
D7_test_fixture/uramdisk.no_header.image_extract/usr/lib/xtables/libip6t_REJECT.so
D7_test_fixture/uramdisk.no_header.image_extract/usr/lib/xtables/libip6t_SNAT.so
D7_test_fixture/uramdisk.no_header.image_extract/usr/lib/xtables/libip6t_SNPT.so
D7_test_fixture/uramdisk.no_header.image_extract/usr/lib/xtables/libip6t_ah.so
D7_test_fixture/uramdisk.no_header.image_extract/usr/lib/xtables/libip6t_dst.so
D7_test_fixture/uramdisk.no_header.image_extract/usr/lib/xtables/libip6t_eui64.so
D7_test_fixture/uramdisk.no_header.image_extract/usr/lib/xtables/libip6t_frag.so
D7_test_fixture/uramdisk.no_header.image_extract/usr/lib/xtables/libip6t_hbh.so
D7_test_fixture/uramdisk.no_header.image_extract/usr/lib/xtables/libip6t_hl.so
D7_test_fixture/uramdisk.no_header.image_extract/usr/lib/xtables/libip6t_icmp6.so
D7_test_fixture/uramdisk.no_header.image_extract/usr/lib/xtables/libip6t_ipv6header.so
D7_test_fixture/uramdisk.no_header.image_extract/usr/lib/xtables/libip6t_mh.so
D7_test_fixture/uramdisk.no_header.image_extract/usr/lib/xtables/libip6t_rt.so
D7_test_fixture/uramdisk.no_header.image_extract/usr/lib/xtables/libip6t_srh.so
D7_test_fixture/uramdisk.no_header.image_extract/usr/lib/xtables/libipt_CLUSTERIP.so
D7_test_fixture/uramdisk.no_header.image_extract/usr/lib/xtables/libipt_DNAT.so
D7_test_fixture/uramdisk.no_header.image_extract/usr/lib/xtables/libipt_ECN.so
D7_test_fixture/uramdisk.no_header.image_extract/usr/lib/xtables/libipt_LOG.so
D7_test_fixture/uramdisk.no_header.image_extract/usr/lib/xtables/libipt_MASQUERADE.so
D7_test_fixture/uramdisk.no_header.image_extract/usr/lib/xtables/libipt_NETMAP.so
D7_test_fixture/uramdisk.no_header.image_extract/usr/lib/xtables/libipt_REDIRECT.so
D7_test_fixture/uramdisk.no_header.image_extract/usr/lib/xtables/libipt_REJECT.so
D7_test_fixture/uramdisk.no_header.image_extract/usr/lib/xtables/libipt_SNAT.so
D7_test_fixture/uramdisk.no_header.image_extract/usr/lib/xtables/libipt_TTL.so
D7_test_fixture/uramdisk.no_header.image_extract/usr/lib/xtables/libipt_ULOG.so
D7_test_fixture/uramdisk.no_header.image_extract/usr/lib/xtables/libipt_ah.so
D7_test_fixture/uramdisk.no_header.image_extract/usr/lib/xtables/libipt_icmp.so
D7_test_fixture/uramdisk.no_header.image_extract/usr/lib/xtables/libipt_realm.so
D7_test_fixture/uramdisk.no_header.image_extract/usr/lib/xtables/libipt_ttl.so
D7_test_fixture/uramdisk.no_header.image_extract/usr/lib/xtables/libxt_AUDIT.so
D7_test_fixture/uramdisk.no_header.image_extract/usr/lib/xtables/libxt_CHECKSUM.so
D7_test_fixture/uramdisk.no_header.image_extract/usr/lib/xtables/libxt_CLASSIFY.so
D7_test_fixture/uramdisk.no_header.image_extract/usr/lib/xtables/libxt_CONNMARK.so
D7_test_fixture/uramdisk.no_header.image_extract/usr/lib/xtables/libxt_CONNSECMARK.so
D7_test_fixture/uramdisk.no_header.image_extract/usr/lib/xtables/libxt_CT.so
D7_test_fixture/uramdisk.no_header.image_extract/usr/lib/xtables/libxt_DSCP.so
D7_test_fixture/uramdisk.no_header.image_extract/usr/lib/xtables/libxt_HMARK.so
D7_test_fixture/uramdisk.no_header.image_extract/usr/lib/xtables/libxt_IDLETIMER.so
D7_test_fixture/uramdisk.no_header.image_extract/usr/lib/xtables/libxt_LED.so
D7_test_fixture/uramdisk.no_header.image_extract/usr/lib/xtables/libxt_MARK.so
D7_test_fixture/uramdisk.no_header.image_extract/usr/lib/xtables/libxt_NFLOG.so
D7_test_fixture/uramdisk.no_header.image_extract/usr/lib/xtables/libxt_NFQUEUE.so
D7_test_fixture/uramdisk.no_header.image_extract/usr/lib/xtables/libxt_RATEEST.so
D7_test_fixture/uramdisk.no_header.image_extract/usr/lib/xtables/libxt_SECMARK.so
D7_test_fixture/uramdisk.no_header.image_extract/usr/lib/xtables/libxt_SET.so
D7_test_fixture/uramdisk.no_header.image_extract/usr/lib/xtables/libxt_SYNPROXY.so
D7_test_fixture/uramdisk.no_header.image_extract/usr/lib/xtables/libxt_TCPMSS.so
D7_test_fixture/uramdisk.no_header.image_extract/usr/lib/xtables/libxt_TCPOPTSTRIP.so
D7_test_fixture/uramdisk.no_header.image_extract/usr/lib/xtables/libxt_TEE.so
D7_test_fixture/uramdisk.no_header.image_extract/usr/lib/xtables/libxt_TOS.so
D7_test_fixture/uramdisk.no_header.image_extract/usr/lib/xtables/libxt_TPROXY.so
D7_test_fixture/uramdisk.no_header.image_extract/usr/lib/xtables/libxt_TRACE.so
D7_test_fixture/uramdisk.no_header.image_extract/usr/lib/xtables/libxt_addrtype.so
D7_test_fixture/uramdisk.no_header.image_extract/usr/lib/xtables/libxt_bpf.so
D7_test_fixture/uramdisk.no_header.image_extract/usr/lib/xtables/libxt_cgroup.so
D7_test_fixture/uramdisk.no_header.image_extract/usr/lib/xtables/libxt_cluster.so
D7_test_fixture/uramdisk.no_header.image_extract/usr/lib/xtables/libxt_comment.so
D7_test_fixture/uramdisk.no_header.image_extract/usr/lib/xtables/libxt_connbytes.so
D7_test_fixture/uramdisk.no_header.image_extract/usr/lib/xtables/libxt_connlimit.so
D7_test_fixture/uramdisk.no_header.image_extract/usr/lib/xtables/libxt_connmark.so
D7_test_fixture/uramdisk.no_header.image_extract/usr/lib/xtables/libxt_conntrack.so
D7_test_fixture/uramdisk.no_header.image_extract/usr/lib/xtables/libxt_cpu.so
D7_test_fixture/uramdisk.no_header.image_extract/usr/lib/xtables/libxt_dccp.so
D7_test_fixture/uramdisk.no_header.image_extract/usr/lib/xtables/libxt_devgroup.so
D7_test_fixture/uramdisk.no_header.image_extract/usr/lib/xtables/libxt_dscp.so
D7_test_fixture/uramdisk.no_header.image_extract/usr/lib/xtables/libxt_ecn.so
D7_test_fixture/uramdisk.no_header.image_extract/usr/lib/xtables/libxt_esp.so
D7_test_fixture/uramdisk.no_header.image_extract/usr/lib/xtables/libxt_hashlimit.so
D7_test_fixture/uramdisk.no_header.image_extract/usr/lib/xtables/libxt_helper.so
D7_test_fixture/uramdisk.no_header.image_extract/usr/lib/xtables/libxt_ipcomp.so
D7_test_fixture/uramdisk.no_header.image_extract/usr/lib/xtables/libxt_iprange.so
D7_test_fixture/uramdisk.no_header.image_extract/usr/lib/xtables/libxt_ipvs.so
D7_test_fixture/uramdisk.no_header.image_extract/usr/lib/xtables/libxt_length.so
D7_test_fixture/uramdisk.no_header.image_extract/usr/lib/xtables/libxt_limit.so
D7_test_fixture/uramdisk.no_header.image_extract/usr/lib/xtables/libxt_mac.so
D7_test_fixture/uramdisk.no_header.image_extract/usr/lib/xtables/libxt_mark.so
D7_test_fixture/uramdisk.no_header.image_extract/usr/lib/xtables/libxt_multiport.so
D7_test_fixture/uramdisk.no_header.image_extract/usr/lib/xtables/libxt_nfacct.so
D7_test_fixture/uramdisk.no_header.image_extract/usr/lib/xtables/libxt_osf.so
D7_test_fixture/uramdisk.no_header.image_extract/usr/lib/xtables/libxt_owner.so
D7_test_fixture/uramdisk.no_header.image_extract/usr/lib/xtables/libxt_physdev.so
D7_test_fixture/uramdisk.no_header.image_extract/usr/lib/xtables/libxt_pkttype.so
D7_test_fixture/uramdisk.no_header.image_extract/usr/lib/xtables/libxt_policy.so
D7_test_fixture/uramdisk.no_header.image_extract/usr/lib/xtables/libxt_quota.so
D7_test_fixture/uramdisk.no_header.image_extract/usr/lib/xtables/libxt_rateest.so
D7_test_fixture/uramdisk.no_header.image_extract/usr/lib/xtables/libxt_recent.so
D7_test_fixture/uramdisk.no_header.image_extract/usr/lib/xtables/libxt_rpfilter.so
D7_test_fixture/uramdisk.no_header.image_extract/usr/lib/xtables/libxt_sctp.so
D7_test_fixture/uramdisk.no_header.image_extract/usr/lib/xtables/libxt_set.so
D7_test_fixture/uramdisk.no_header.image_extract/usr/lib/xtables/libxt_socket.so
D7_test_fixture/uramdisk.no_header.image_extract/usr/lib/xtables/libxt_standard.so
D7_test_fixture/uramdisk.no_header.image_extract/usr/lib/xtables/libxt_statistic.so
D7_test_fixture/uramdisk.no_header.image_extract/usr/lib/xtables/libxt_string.so
D7_test_fixture/uramdisk.no_header.image_extract/usr/lib/xtables/libxt_tcp.so
D7_test_fixture/uramdisk.no_header.image_extract/usr/lib/xtables/libxt_tcpmss.so
D7_test_fixture/uramdisk.no_header.image_extract/usr/lib/xtables/libxt_time.so
D7_test_fixture/uramdisk.no_header.image_extract/usr/lib/xtables/libxt_tos.so
D7_test_fixture/uramdisk.no_header.image_extract/usr/lib/xtables/libxt_u32.so
D7_test_fixture/uramdisk.no_header.image_extract/usr/lib/xtables/libxt_udp.so
D7_test_fixture/uramdisk.no_header.image_extract/usr/libexec/sudo/group_file.so
D7_test_fixture/uramdisk.no_header.image_extract/usr/libexec/sudo/libsudo_util.so.0.0.0
D7_test_fixture/uramdisk.no_header.image_extract/usr/libexec/sudo/sudo_noexec.so
D7_test_fixture/uramdisk.no_header.image_extract/usr/libexec/sudo/sudoers.so
D7_test_fixture/uramdisk.no_header.image_extract/usr/libexec/sudo/system_group.so
D7_test_fixture/uramdisk.no_header.image_extract/usr/sbin/antlogin
D7_test_fixture/uramdisk.no_header.image_extract/usr/sbin/avahi-autoipd
D7_test_fixture/uramdisk.no_header.image_extract/usr/sbin/avahi-daemon
D7_test_fixture/uramdisk.no_header.image_extract/usr/sbin/avahi-dnsconfd
D7_test_fixture/uramdisk.no_header.image_extract/usr/sbin/dropbear
D7_test_fixture/uramdisk.no_header.image_extract/usr/sbin/eeprog
D7_test_fixture/uramdisk.no_header.image_extract/usr/sbin/flash_erase
D7_test_fixture/uramdisk.no_header.image_extract/usr/sbin/i2cdetect
D7_test_fixture/uramdisk.no_header.image_extract/usr/sbin/i2cdump
D7_test_fixture/uramdisk.no_header.image_extract/usr/sbin/i2cget
D7_test_fixture/uramdisk.no_header.image_extract/usr/sbin/i2cset
D7_test_fixture/uramdisk.no_header.image_extract/usr/sbin/i2ctransfer
D7_test_fixture/uramdisk.no_header.image_extract/usr/sbin/lighttpd
D7_test_fixture/uramdisk.no_header.image_extract/usr/sbin/lighttpd-angel
D7_test_fixture/uramdisk.no_header.image_extract/usr/sbin/mtdinfo
D7_test_fixture/uramdisk.no_header.image_extract/usr/sbin/nanddump
D7_test_fixture/uramdisk.no_header.image_extract/usr/sbin/nandwrite
D7_test_fixture/uramdisk.no_header.image_extract/usr/sbin/ntpd
D7_test_fixture/uramdisk.no_header.image_extract/usr/sbin/ubiattach
D7_test_fixture/uramdisk.no_header.image_extract/usr/sbin/ubidetach
D7_test_fixture/uramdisk.no_header.image_extract/usr/sbin/ubiformat
D7_test_fixture/uramdisk.no_header.image_extract/usr/sbin/ubimkvol
D7_test_fixture/uramdisk.no_header.image_extract/usr/sbin/ubinfo
D7_test_fixture/uramdisk.no_header.image_extract/usr/sbin/ubirmvol
D7_test_fixture/uramdisk.no_header.image_extract/usr/sbin/visudo
D7_test_fixture/uramdisk.no_header.image_extract/usr/sbin/xtables-legacy-multi
sd-recover-bmu-D7-fixed-20220401-release/bin/update/minerfs.no_header.image_extract/bin/busybox
sd-recover-bmu-D7-fixed-20220401-release/bin/update/minerfs.no_header.image_extract/sbin/id2mac
sd-recover-bmu-D7-fixed-20220401-release/bin/update/minerfs.no_header.image_extract/usr/bin/FileParser
sd-recover-bmu-D7-fixed-20220401-release/bin/update/minerfs.no_header.image_extract/usr/bin/cgminer-api
sd-recover-bmu-D7-fixed-20220401-release/bin/update/minerfs.no_header.image_extract/usr/bin/cvtsudoers
sd-recover-bmu-D7-fixed-20220401-release/bin/update/minerfs.no_header.image_extract/usr/bin/godminer
sd-recover-bmu-D7-fixed-20220401-release/bin/update/minerfs.no_header.image_extract/usr/bin/jq
sd-recover-bmu-D7-fixed-20220401-release/bin/update/minerfs.no_header.image_extract/usr/bin/monitor-ipsig
sd-recover-bmu-D7-fixed-20220401-release/bin/update/minerfs.no_header.image_extract/usr/bin/monitor-recobtn
sd-recover-bmu-D7-fixed-20220401-release/bin/update/minerfs.no_header.image_extract/usr/bin/ntpdate
sd-recover-bmu-D7-fixed-20220401-release/bin/update/minerfs.no_header.image_extract/usr/bin/sudo
sd-recover-bmu-D7-fixed-20220401-release/bin/update/minerfs.no_header.image_extract/usr/bin/sudoreplay
sd-recover-bmu-D7-fixed-20220401-release/bin/update/minerfs.no_header.image_extract/usr/bin/xmlwf
sd-recover-bmu-D7-fixed-20220401-release/bin/update/minerfs.no_header.image_extract/usr/lib/libavahi-core.so.7.0.2
sd-recover-bmu-D7-fixed-20220401-release/bin/update/minerfs.no_header.image_extract/usr/lib/libcrypto.so.1.1
sd-recover-bmu-D7-fixed-20220401-release/bin/update/minerfs.no_header.image_extract/usr/lib/libiptc.so.0.0.0
sd-recover-bmu-D7-fixed-20220401-release/bin/update/minerfs.no_header.image_extract/usr/lib/lighttpd/mod_dirlisting.so
sd-recover-bmu-D7-fixed-20220401-release/bin/update/minerfs.no_header.image_extract/usr/lib/lighttpd/mod_redirect.so
sd-recover-bmu-D7-fixed-20220401-release/bin/update/minerfs.no_header.image_extract/usr/lib/lighttpd/mod_rewrite.so
sd-recover-bmu-D7-fixed-20220401-release/bin/update/minerfs.no_header.image_extract/usr/lib/lighttpd/mod_ssi.so
sd-recover-bmu-D7-fixed-20220401-release/bin/update/minerfs.no_header.image_extract/usr/lib/lighttpd/mod_status.so
sd-recover-bmu-D7-fixed-20220401-release/bin/update/minerfs.no_header.image_extract/usr/lib/lighttpd/mod_trigger_b4_dl.so
sd-recover-bmu-D7-fixed-20220401-release/bin/update/minerfs.no_header.image_extract/usr/libexec/sudo/group_file.so
sd-recover-bmu-D7-fixed-20220401-release/bin/update/minerfs.no_header.image_extract/usr/libexec/sudo/sudoers.so
sd-recover-bmu-D7-fixed-20220401-release/bin/update/minerfs.no_header.image_extract/usr/libexec/sudo/system_group.so
sd-recover-bmu-D7-fixed-20220401-release/bin/update/minerfs.no_header.image_extract/usr/sbin/avahi-autoipd
sd-recover-bmu-D7-fixed-20220401-release/bin/update/minerfs.no_header.image_extract/usr/sbin/avahi-daemon
sd-recover-bmu-D7-fixed-20220401-release/bin/update/minerfs.no_header.image_extract/usr/sbin/avahi-dnsconfd
sd-recover-bmu-D7-fixed-20220401-release/bin/update/minerfs.no_header.image_extract/usr/sbin/lighttpd
sd-recover-bmu-D7-fixed-20220401-release/bin/update/minerfs.no_header.image_extract/usr/sbin/ntpd
sd-recover-bmu-D7-fixed-20220401-release/bin/update/minerfs.no_header.image_extract/usr/sbin/update-daemon
sd-recover-bmu-D7-fixed-20220401-release/bin/update/minerfs.no_header.image_extract/usr/sbin/visudo
sd-recover-bmu-D7-fixed-20220401-release/bin/update/minerfs.no_header.image_extract/usr/sbin/xtables-legacy-multi
sd-recover-bmu-D7-fixed-20220401-release/bin/update/update.no_header.image_extract/bin/busybox
sd-recover-bmu-D7-fixed-20220401-release/bin/update/update.no_header.image_extract/usr/bin/FileParser
sd-recover-bmu-D7-fixed-20220401-release/bin/update/update.no_header.image_extract/usr/bin/xmlwf
sd-recover-bmu-D7-fixed-20220401-release/bin/update/update.no_header.image_extract/usr/lib/libcrypto.so.1.1
sd-recover-bmu-D7-fixed-20220401-release/update.no_header.image_extract/bin/busybox
sd-recover-bmu-D7-fixed-20220401-release/update.no_header.image_extract/sbin/halt
sd-recover-bmu-D7-fixed-20220401-release/update.no_header.image_extract/sbin/init
sd-recover-bmu-D7-fixed-20220401-release/update.no_header.image_extract/sbin/killall5
sd-recover-bmu-D7-fixed-20220401-release/update.no_header.image_extract/sbin/shutdown
sd-recover-bmu-D7-fixed-20220401-release/update.no_header.image_extract/usr/bin/FileParser
sd-recover-bmu-D7-fixed-20220401-release/update.no_header.image_extract/usr/bin/openssl
sd-recover-bmu-D7-fixed-20220401-release/update.no_header.image_extract/usr/bin/xmlwf
sd-recover-bmu-D7-fixed-20220401-release/update.no_header.image_extract/usr/lib/libaio.so.1.0.1
sd-recover-bmu-D7-fixed-20220401-release/update.no_header.image_extract/usr/lib/libcrypto.so.1.1
sd-recover-bmu-D7-fixed-20220401-release/update.no_header.image_extract/usr/lib/libdaemon.so.0.5.0
sd-recover-bmu-D7-fixed-20220401-release/update.no_header.image_extract/usr/lib/libevent-2.1.so.6.0.2
sd-recover-bmu-D7-fixed-20220401-release/update.no_header.image_extract/usr/lib/libevent_core-2.1.so.6.0.2
sd-recover-bmu-D7-fixed-20220401-release/update.no_header.image_extract/usr/lib/libevent_extra-2.1.so.6.0.2
sd-recover-bmu-D7-fixed-20220401-release/update.no_header.image_extract/usr/lib/libevent_openssl-2.1.so.6.0.2
sd-recover-bmu-D7-fixed-20220401-release/update.no_header.image_extract/usr/lib/libevent_pthreads-2.1.so.6.0.2
sd-recover-bmu-D7-fixed-20220401-release/update.no_header.image_extract/usr/lib/libexpat.so.1.6.10
sd-recover-bmu-D7-fixed-20220401-release/update.no_header.image_extract/usr/lib/libssl.so.1.1
sd-recover-bmu-D7-fixed-20220401-release/update.no_header.image_extract/usr/lib/libz.so.1.2.11
sd-recover-bmu-D7-fixed-20220401-release/update.no_header.image_extract/usr/sbin/flash_erase
sd-recover-bmu-D7-fixed-20220401-release/update.no_header.image_extract/usr/sbin/mtdinfo
sd-recover-bmu-D7-fixed-20220401-release/update.no_header.image_extract/usr/sbin/nanddump
sd-recover-bmu-D7-fixed-20220401-release/update.no_header.image_extract/usr/sbin/nandwrite
sd-recover-bmu-D7-fixed-20220401-release/update.no_header.image_extract/usr/sbin/ubiattach
sd-recover-bmu-D7-fixed-20220401-release/update.no_header.image_extract/usr/sbin/ubidetach
sd-recover-bmu-D7-fixed-20220401-release/update.no_header.image_extract/usr/sbin/ubiformat
sd-recover-bmu-D7-fixed-20220401-release/update.no_header.image_extract/usr/sbin/ubimkvol
sd-recover-bmu-D7-fixed-20220401-release/update.no_header.image_extract/usr/sbin/ubinfo
sd-recover-bmu-D7-fixed-20220401-release/update.no_header.image_extract/usr/sbin/ubirmvol
sd-recover-bmu-D7-fixed-20220401-release/uramdisk.no_header.image_extract/bin/busybox
sd-recover-bmu-D7-fixed-20220401-release/uramdisk.no_header.image_extract/usr/lib/libcrypto.so.1.1
